<?xml version="1.0" encoding="UTF-8"?>
<!-- Generated by org.testng.reporters.JUnitReportReporter -->
<testsuite hostname="ip-172-31-20-69" failures="0" tests="1" name="register_testcase.RegisterTestpage" time="71.094" errors="0" timestamp="2023-08-20T19:32:30 UTC" skipped="0">
  <testcase classname="register_testcase.RegisterTestpage" name="setUp" time="71.094"/>
</testsuite> <!-- register_testcase.RegisterTestpage -->
