<?xml version="1.0" encoding="UTF-8"?>
<!-- Generated by org.testng.reporters.JUnitReportReporter -->
<testsuite hostname="ip-172-31-20-69" failures="0" tests="1" name="medicare_object.launch" time="3.334" errors="0" timestamp="2023-08-10T16:57:21 UTC" skipped="0">
  <testcase classname="medicare_object.launch" name="setUp" time="3.334"/>
</testsuite> <!-- medicare_object.launch -->
