<?xml version="1.0" encoding="UTF-8"?>
<!-- Generated by org.testng.reporters.JUnitReportReporter -->
<testsuite hostname="ip-172-31-20-69" failures="0" tests="1" name="medicare_testcase.Adminlogintestcase" time="85.018" errors="0" timestamp="2023-08-20T18:21:44 UTC" skipped="0">
  <testcase classname="medicare_testcase.Adminlogintestcase" name="setUp" time="85.018"/>
</testsuite> <!-- medicare_testcase.Adminlogintestcase -->
