<?xml version="1.0" encoding="UTF-8"?>
<!-- Generated by org.testng.reporters.JUnitReportReporter -->
<testsuite hostname="ip-172-31-20-69" failures="0" tests="1" name="userTestcase.Usertest_case" time="99.307" errors="0" timestamp="2023-08-20T19:05:52 UTC" skipped="0">
  <testcase classname="userTestcase.Usertest_case" name="usertestcase" time="99.307"/>
</testsuite> <!-- userTestcase.Usertest_case -->
